Function CFG Symbol Generate Pass: 
dm_sample_cond_3
	if.end --- [   %x.0 = phi i32 [ 15, %if.then ], [ 5, %if.else ] ]

		Original CFG
			if_else3_S0 -> if_end4_S0
			if_else8_S0 -> if_end10_S0
			if_then_S0 -> if_end_S0
			entry_S0 -> if_else_S0
			entry_S0 -> if_then_S0
			if_end_S0 -> if_else3_S0
			if_end_S0 -> if_then2_S0
			if_then2_S0 -> if_end4_S0
			if_else_S0 -> if_end_S0
			if_then6_S0 -> if_end10_S0
			if_end4_S0 -> if_else8_S0
			if_end4_S0 -> if_then6_S0

		Split CFG
			if_then6_S1 -> if_end10_S1
			if_then2_S1 -> if_end4_S1
			if_else_S0 -> if_end_S2
			if_end_S1 -> if_else3_S1
			if_end_S1 -> if_then2_S1
			if_end4_S1 -> if_else8_S1
			if_end4_S1 -> if_then6_S1
			entry_S0 -> if_else_S0
			entry_S0 -> if_then_S0
			if_then_S0 -> if_end_S1
			if_else8_S1 -> if_end10_S1
			if_end_S2 -> if_else3_S2
			if_end_S2 -> if_then2_S2
			if_else3_S2 -> if_end4_S2
			if_else8_S2 -> if_end10_S2
			if_else3_S1 -> if_end4_S1
			if_then2_S2 -> if_end4_S2
			if_end4_S2 -> if_else8_S2
			if_end4_S2 -> if_then6_S2
			if_then6_S2 -> if_end10_S2

		Statistics:
			FitNess: 0.428571
			Add Blocks: 14
			Add Insts: 30
			Remove Insts: 6


	if.end4 --- [   %y.0 = phi i32 [ 30, %if.then2 ], [ 10, %if.else3 ] ]

		Original CFG
			if_else3_S0 -> if_end4_S0
			if_else8_S0 -> if_end10_S0
			if_then_S0 -> if_end_S0
			entry_S0 -> if_else_S0
			entry_S0 -> if_then_S0
			if_end_S0 -> if_else3_S0
			if_end_S0 -> if_then2_S0
			if_then2_S0 -> if_end4_S0
			if_else_S0 -> if_end_S0
			if_then6_S0 -> if_end10_S0
			if_end4_S0 -> if_else8_S0
			if_end4_S0 -> if_then6_S0

		Split CFG
			if_else_S0 -> if_end_S0
			if_then6_S2 -> if_end10_S2
			if_end4_S2 -> if_else8_S2
			if_end4_S2 -> if_then6_S2
			if_else3_S0 -> if_end4_S2
			if_else8_S1 -> if_end10_S1
			if_then_S0 -> if_end_S0
			entry_S0 -> if_else_S0
			entry_S0 -> if_then_S0
			if_then2_S0 -> if_end4_S1
			if_else8_S2 -> if_end10_S2
			if_end4_S1 -> if_else8_S1
			if_end4_S1 -> if_then6_S1
			if_end_S0 -> if_else3_S0
			if_end_S0 -> if_then2_S0
			if_then6_S1 -> if_end10_S1

		Statistics:
			FitNess: 0.250000
			Add Blocks: 8
			Add Insts: 24
			Remove Insts: 2


llvm.lifetime.start.p0i8
printf
llvm.lifetime.end.p0i8

Summary:
	Total Add Blocks: 14
	Total Add Insts: 30
	Total Remove Insts: 6
