Function Phi Info Pass: 
dm_sample_cond_loop
while.cond --- [   %loop.0 = phi i32 [ 0, %entry ], [ %loop.1, %cleanup.cont ] ]
	Total Influence Blocks: 2
	Total Influence Insts: 2
	Fitness: 5.000000e-01

while.cond --- [   %a.0 = phi i32 [ 0, %entry ], [ %a.1, %cleanup.cont ] ]
	Total Influence Blocks: 0
	Total Influence Insts: 0
	Fitness: 0.000000e+00

if.end --- [   %a.1 = phi i32 [ 1, %if.then ], [ 2, %if.else ] ]
	Total Influence Blocks: 2
	Total Influence Insts: 2
	Fitness: 2.000000e-01

cleanup --- [   %cleanup.dest.slot.0 = phi i32 [ 3, %if.then3 ], [ 0, %if.end4 ] ]
	Total Influence Blocks: 0
	Total Influence Insts: 0
	Fitness: 0.000000e+00

llvm.lifetime.start.p0i8
printf
llvm.lifetime.end.p0i8
